#
# There is insufficient memory for the Java Runtime Environment to continue.
# Native memory allocation (malloc) failed to allocate 1945456 bytes for Chunk::new
# Possible reasons:
#   The system is out of physical RAM or swap space
#   The process is running with CompressedOops enabled, and the Java Heap may be blocking the growth of the native heap
# Possible solutions:
#   Reduce memory load on the system
#   Increase physical memory or swap space
#   Check if swap backing store is full
#   Decrease Java heap size (-Xmx/-Xms)
#   Decrease number of Java threads
#   Decrease Java thread stack sizes (-Xss)
#   Set larger code cache with -XX:ReservedCodeCacheSize=
#   JVM is running with Unscaled Compressed Oops mode in which the Java heap is
#     placed in the first 4GB address space. The Java Heap base address is the
#     maximum limit for the native heap growth. Please use -XX:HeapBaseMinAddress
#     to set the Java Heap base and to place the Java Heap above 4GB virtual address.
# This output file may be truncated or incomplete.
#
#  Out of Memory Error (./open/src/hotspot/share/memory/arena.cpp:197), pid=17912, tid=4196
#
# JRE version: Java(TM) SE Runtime Environment 18.9 (11.0.12+8) (build 11.0.12+8-LTS-237)
# Java VM: Java HotSpot(TM) 64-Bit Server VM 18.9 (11.0.12+8-LTS-237, mixed mode, tiered, compressed oops, g1 gc, windows-amd64)
# No core dump will be written. Minidumps are not enabled by default on client versions of Windows
#

---------------  S U M M A R Y ------------

Command Line: -XX:MaxPermSize=512m -XX:+HeapDumpOnOutOfMemoryError --add-opens=java.base/java.util=ALL-UNNAMED --add-opens=java.base/java.lang=ALL-UNNAMED --add-opens=java.base/java.lang.invoke=ALL-UNNAMED --add-opens=java.prefs/java.util.prefs=ALL-UNNAMED -Xmx2048m -Dfile.encoding=UTF-8 -Duser.country=US -Duser.language=en -Duser.variant org.gradle.launcher.daemon.bootstrap.GradleDaemon 6.9

Host: AMD Ryzen 3 3250U with Radeon Graphics         , 4 cores, 5G,  Windows 10 , 64 bit Build 22000 (10.0.22000.434)
Time: Mon Feb 21 20:18:32 2022 Pacific Standard Time elapsed time: 25.252479 seconds (0d 0h 0m 25s)

---------------  T H R E A D  ---------------

Current thread (0x0000017196717000):  JavaThread "C2 CompilerThread0" daemon [_thread_in_native, id=4196, stack(0x0000005bf0f00000,0x0000005bf1000000)]


Current CompileTask:
C2:  25252 3401       4       groovy.lang.MetaClassImpl$1MOPIter::methodNameAction (325 bytes)

Stack: [0x0000005bf0f00000,0x0000005bf1000000]
Native frames: (J=compiled Java code, j=interpreted, Vv=VM code, C=native code)
V  [jvm.dll+0x617d9a]
V  [jvm.dll+0x74eeef]
V  [jvm.dll+0x750599]
V  [jvm.dll+0x750c23]
V  [jvm.dll+0x2438d8]
V  [jvm.dll+0xba6dc]
V  [jvm.dll+0xbac9c]
V  [jvm.dll+0x346972]
V  [jvm.dll+0x3147a3]
V  [jvm.dll+0x313aea]
V  [jvm.dll+0x1fd105]
V  [jvm.dll+0x1fc2ed]
V  [jvm.dll+0x17f18c]
V  [jvm.dll+0x20b87c]
V  [jvm.dll+0x20997b]
V  [jvm.dll+0x716359]
V  [jvm.dll+0x70f064]
V  [jvm.dll+0x616f66]
C  [ucrtbase.dll+0x26c0c]
C  [KERNEL32.DLL+0x154e0]
C  [ntdll.dll+0x485b]


---------------  P R O C E S S  ---------------

Threads class SMR info:
_java_thread_list=0x000001719870d3a0, length=30, elements={
0x00000171f7820000, 0x0000017195ea7000, 0x0000017195eb1800, 0x0000017195eff800,
0x0000017195f01000, 0x0000017195f02000, 0x0000017196717000, 0x0000017196719000,
0x000001719671a000, 0x0000017196876000, 0x00000171984de800, 0x0000017198142800,
0x0000017197bfa800, 0x00000171983c7800, 0x0000017197c79800, 0x000001719816d000,
0x0000017197d65800, 0x0000017197557000, 0x0000017197558000, 0x0000017198479800,
0x000001719772b800, 0x0000017197732000, 0x000001719772c000, 0x000001719772d000,
0x000001719772d800, 0x000001719772e800, 0x000001719772f800, 0x0000017197730000,
0x0000017197731000, 0x000001719aaba000
}

Java Threads: ( => current thread )
  0x00000171f7820000 JavaThread "main" [_thread_blocked, id=752, stack(0x0000005bf0300000,0x0000005bf0400000)]
  0x0000017195ea7000 JavaThread "Reference Handler" daemon [_thread_blocked, id=17948, stack(0x0000005bf0a00000,0x0000005bf0b00000)]
  0x0000017195eb1800 JavaThread "Finalizer" daemon [_thread_blocked, id=1440, stack(0x0000005bf0b00000,0x0000005bf0c00000)]
  0x0000017195eff800 JavaThread "Signal Dispatcher" daemon [_thread_blocked, id=5596, stack(0x0000005bf0c00000,0x0000005bf0d00000)]
  0x0000017195f01000 JavaThread "Attach Listener" daemon [_thread_blocked, id=12072, stack(0x0000005bf0d00000,0x0000005bf0e00000)]
  0x0000017195f02000 JavaThread "Service Thread" daemon [_thread_blocked, id=8812, stack(0x0000005bf0e00000,0x0000005bf0f00000)]
=>0x0000017196717000 JavaThread "C2 CompilerThread0" daemon [_thread_in_native, id=4196, stack(0x0000005bf0f00000,0x0000005bf1000000)]
  0x0000017196719000 JavaThread "C1 CompilerThread0" daemon [_thread_blocked, id=12116, stack(0x0000005bf1000000,0x0000005bf1100000)]
  0x000001719671a000 JavaThread "Sweeper thread" daemon [_thread_blocked, id=17480, stack(0x0000005bf1100000,0x0000005bf1200000)]
  0x0000017196876000 JavaThread "Common-Cleaner" daemon [_thread_blocked, id=16552, stack(0x0000005bf1200000,0x0000005bf1300000)]
  0x00000171984de800 JavaThread "Daemon health stats" [_thread_blocked, id=18248, stack(0x0000005bf1500000,0x0000005bf1600000)]
  0x0000017198142800 JavaThread "Incoming local TCP Connector on port 62041" [_thread_in_native, id=18896, stack(0x0000005bf1800000,0x0000005bf1900000)]
  0x0000017197bfa800 JavaThread "Daemon periodic checks" [_thread_blocked, id=14876, stack(0x0000005bf1900000,0x0000005bf1a00000)]
  0x00000171983c7800 JavaThread "Daemon" [_thread_blocked, id=10872, stack(0x0000005bf1a00000,0x0000005bf1b00000)]
  0x0000017197c79800 JavaThread "Handler for socket connection from /127.0.0.1:62041 to /127.0.0.1:62042" [_thread_in_native, id=5704, stack(0x0000005bf1b00000,0x0000005bf1c00000)]
  0x000001719816d000 JavaThread "Cancel handler" [_thread_blocked, id=15396, stack(0x0000005bf1c00000,0x0000005bf1d00000)]
  0x0000017197d65800 JavaThread "Daemon worker" [_thread_in_Java, id=1348, stack(0x0000005bf1d00000,0x0000005bf1e00000)]
  0x0000017197557000 JavaThread "Asynchronous log dispatcher for DefaultDaemonConnection: socket connection from /127.0.0.1:62041 to /127.0.0.1:62042" [_thread_blocked, id=15248, stack(0x0000005bf1e00000,0x0000005bf1f00000)]
  0x0000017197558000 JavaThread "Stdin handler" [_thread_blocked, id=17348, stack(0x0000005bf1f00000,0x0000005bf2000000)]
  0x0000017198479800 JavaThread "Daemon client event forwarder" [_thread_blocked, id=14656, stack(0x0000005bf2000000,0x0000005bf2100000)]
  0x000001719772b800 JavaThread "Cache worker for file hash cache (C:\Users\WANDIE\.gradle\caches\6.9\fileHashes)" [_thread_blocked, id=14620, stack(0x0000005bf2100000,0x0000005bf2200000)]
  0x0000017197732000 JavaThread "File lock request listener" [_thread_in_native, id=4760, stack(0x0000005bf2200000,0x0000005bf2300000)]
  0x000001719772c000 JavaThread "Cache worker for journal cache (C:\Users\WANDIE\.gradle\caches\journal-1)" [_thread_blocked, id=13760, stack(0x0000005bf2300000,0x0000005bf2400000)]
  0x000001719772d000 JavaThread "Cache worker for file hash cache (C:\Users\WANDIE\mobile\map\android\.gradle\6.9\fileHashes)" [_thread_blocked, id=13364, stack(0x0000005bf2400000,0x0000005bf2500000)]
  0x000001719772d800 JavaThread "Cache worker for checksums cache (C:\Users\WANDIE\mobile\map\android\.gradle\checksums)" [_thread_blocked, id=16028, stack(0x0000005bf2500000,0x0000005bf2600000)]
  0x000001719772e800 JavaThread "Cache worker for cache directory md-supplier (C:\Users\WANDIE\.gradle\caches\6.9\md-supplier)" [_thread_blocked, id=2360, stack(0x0000005bf2600000,0x0000005bf2700000)]
  0x000001719772f800 JavaThread "Cache worker for cache directory md-rule (C:\Users\WANDIE\.gradle\caches\6.9\md-rule)" [_thread_blocked, id=16684, stack(0x0000005bf2700000,0x0000005bf2800000)]
  0x0000017197730000 JavaThread "Cache worker for execution history cache (C:\Users\WANDIE\.gradle\caches\6.9\executionHistory)" [_thread_blocked, id=18408, stack(0x0000005bf2800000,0x0000005bf2900000)]
  0x0000017197731000 JavaThread "jar transforms" [_thread_blocked, id=3608, stack(0x0000005bf2900000,0x0000005bf2a00000)]
  0x000001719aaba000 JavaThread "Cache worker for file content cache (C:\Users\WANDIE\.gradle\caches\6.9\fileContent)" [_thread_blocked, id=3672, stack(0x0000005bf2a00000,0x0000005bf2b00000)]

Other Threads:
  0x0000017195e9f000 VMThread "VM Thread" [stack: 0x0000005bf0900000,0x0000005bf0a00000] [id=6728]
  0x00000171968ca800 WatcherThread [stack: 0x0000005bf1300000,0x0000005bf1400000] [id=848]
  0x00000171f7835800 GCTaskThread "GC Thread#0" [stack: 0x0000005bf0400000,0x0000005bf0500000] [id=14152]
  0x0000017196cf4800 GCTaskThread "GC Thread#1" [stack: 0x0000005bf1400000,0x0000005bf1500000] [id=10048]
  0x0000017197df2800 GCTaskThread "GC Thread#2" [stack: 0x0000005bf1600000,0x0000005bf1700000] [id=14228]
  0x000001719800f800 GCTaskThread "GC Thread#3" [stack: 0x0000005bf1700000,0x0000005bf1800000] [id=1880]
  0x00000171f7865000 ConcurrentGCThread "G1 Main Marker" [stack: 0x0000005bf0500000,0x0000005bf0600000] [id=6764]
  0x00000171f7866800 ConcurrentGCThread "G1 Conc#0" [stack: 0x0000005bf0600000,0x0000005bf0700000] [id=4456]
  0x00000171f78db000 ConcurrentGCThread "G1 Refine#0" [stack: 0x0000005bf0700000,0x0000005bf0800000] [id=9360]
  0x00000171f78dc000 ConcurrentGCThread "G1 Young RemSet Sampling" [stack: 0x0000005bf0800000,0x0000005bf0900000] [id=10028]

Threads with active compile tasks:
C2 CompilerThread0  25294 3401       4       groovy.lang.MetaClassImpl$1MOPIter::methodNameAction (325 bytes)

VM state:not at safepoint (normal execution)

VM Mutex/Monitor currently owned by a thread: None

Heap address: 0x0000000080000000, size: 2048 MB, Compressed Oops mode: 32-bit
Narrow klass base: 0x0000000000000000, Narrow klass shift: 3
Compressed class space size: 1073741824 Address: 0x0000000100000000

Heap:
 garbage-first heap   total 118784K, used 51966K [0x0000000080000000, 0x0000000100000000)
  region size 1024K, 32 young (32768K), 6 survivors (6144K)
 Metaspace       used 41169K, capacity 42178K, committed 42368K, reserved 1085440K
  class space    used 5257K, capacity 5645K, committed 5760K, reserved 1048576K
Heap Regions: E=young(eden), S=young(survivor), O=old, HS=humongous(starts), HC=humongous(continues), CS=collection set, F=free, A=archive, TAMS=top-at-mark-start (previous, next)
|   0|0x0000000080000000, 0x0000000080100000, 0x0000000080100000|100%| O|  |TAMS 0x0000000080100000, 0x0000000080000000| Untracked 
|   1|0x0000000080100000, 0x0000000080200000, 0x0000000080200000|100%| O|  |TAMS 0x0000000080200000, 0x0000000080100000| Untracked 
|   2|0x0000000080200000, 0x0000000080300000, 0x0000000080300000|100%| O|  |TAMS 0x0000000080300000, 0x0000000080200000| Untracked 
|   3|0x0000000080300000, 0x0000000080400000, 0x0000000080400000|100%|HS|  |TAMS 0x0000000080400000, 0x0000000080300000| Complete 
|   4|0x0000000080400000, 0x0000000080500000, 0x0000000080500000|100%|HC|  |TAMS 0x0000000080500000, 0x0000000080400000| Complete 
|   5|0x0000000080500000, 0x0000000080600000, 0x0000000080600000|100%|HC|  |TAMS 0x0000000080600000, 0x0000000080500000| Complete 
|   6|0x0000000080600000, 0x0000000080700000, 0x0000000080700000|100%| O|  |TAMS 0x0000000080700000, 0x0000000080600000| Untracked 
|   7|0x0000000080700000, 0x0000000080800000, 0x0000000080800000|100%| O|  |TAMS 0x0000000080800000, 0x0000000080700000| Untracked 
|   8|0x0000000080800000, 0x0000000080900000, 0x0000000080900000|100%| O|  |TAMS 0x0000000080900000, 0x0000000080800000| Untracked 
|   9|0x0000000080900000, 0x0000000080a00000, 0x0000000080a00000|100%| O|  |TAMS 0x0000000080a00000, 0x0000000080900000| Untracked 
|  10|0x0000000080a00000, 0x0000000080b00000, 0x0000000080b00000|100%| O|  |TAMS 0x0000000080b00000, 0x0000000080a00000| Untracked 
|  11|0x0000000080b00000, 0x0000000080c00000, 0x0000000080c00000|100%| O|  |TAMS 0x0000000080c00000, 0x0000000080b00000| Untracked 
|  12|0x0000000080c00000, 0x0000000080d00000, 0x0000000080d00000|100%| O|  |TAMS 0x0000000080d00000, 0x0000000080c00000| Untracked 
|  13|0x0000000080d00000, 0x0000000080e00000, 0x0000000080e00000|100%| O|  |TAMS 0x0000000080e00000, 0x0000000080d00000| Untracked 
|  14|0x0000000080e00000, 0x0000000080f00000, 0x0000000080f00000|100%| O|  |TAMS 0x0000000080f00000, 0x0000000080e00000| Untracked 
|  15|0x0000000080f00000, 0x0000000081000000, 0x0000000081000000|100%| O|  |TAMS 0x0000000081000000, 0x0000000080f00000| Untracked 
|  16|0x0000000081000000, 0x0000000081100000, 0x0000000081100000|100%| O|  |TAMS 0x0000000081000000, 0x0000000081000000| Untracked 
|  17|0x0000000081100000, 0x0000000081200000, 0x0000000081200000|100%|HS|  |TAMS 0x0000000081100000, 0x0000000081100000| Complete 
|  18|0x0000000081200000, 0x0000000081200000, 0x0000000081300000|  0%| F|  |TAMS 0x0000000081200000, 0x0000000081200000| Untracked 
|  19|0x0000000081300000, 0x0000000081400000, 0x0000000081400000|100%| O|  |TAMS 0x0000000081400000, 0x0000000081300000| Untracked 
|  20|0x0000000081400000, 0x0000000081500000, 0x0000000081500000|100%| O|  |TAMS 0x0000000081484200, 0x0000000081400000| Untracked 
|  21|0x0000000081500000, 0x00000000815bfa00, 0x0000000081600000| 74%| O|  |TAMS 0x0000000081500000, 0x0000000081500000| Untracked 
|  22|0x0000000081600000, 0x0000000081600000, 0x0000000081700000|  0%| F|  |TAMS 0x0000000081600000, 0x0000000081600000| Untracked 
|  23|0x0000000081700000, 0x0000000081700000, 0x0000000081800000|  0%| F|  |TAMS 0x0000000081700000, 0x0000000081700000| Untracked 
|  24|0x0000000081800000, 0x0000000081800000, 0x0000000081900000|  0%| F|  |TAMS 0x0000000081800000, 0x0000000081800000| Untracked 
|  25|0x0000000081900000, 0x0000000081900000, 0x0000000081a00000|  0%| F|  |TAMS 0x0000000081900000, 0x0000000081900000| Untracked 
|  26|0x0000000081a00000, 0x0000000081a00000, 0x0000000081b00000|  0%| F|  |TAMS 0x0000000081a00000, 0x0000000081a00000| Untracked 
|  27|0x0000000081b00000, 0x0000000081b00000, 0x0000000081c00000|  0%| F|  |TAMS 0x0000000081b00000, 0x0000000081b00000| Untracked 
|  28|0x0000000081c00000, 0x0000000081c00000, 0x0000000081d00000|  0%| F|  |TAMS 0x0000000081c00000, 0x0000000081c00000| Untracked 
|  29|0x0000000081d00000, 0x0000000081d00000, 0x0000000081e00000|  0%| F|  |TAMS 0x0000000081d00000, 0x0000000081d00000| Untracked 
|  30|0x0000000081e00000, 0x0000000081e00000, 0x0000000081f00000|  0%| F|  |TAMS 0x0000000081e00000, 0x0000000081e00000| Untracked 
|  31|0x0000000081f00000, 0x0000000081f00000, 0x0000000082000000|  0%| F|  |TAMS 0x0000000081f00000, 0x0000000081f00000| Untracked 
|  32|0x0000000082000000, 0x0000000082000000, 0x0000000082100000|  0%| F|  |TAMS 0x0000000082000000, 0x0000000082000000| Untracked 
|  33|0x0000000082100000, 0x0000000082100000, 0x0000000082200000|  0%| F|  |TAMS 0x0000000082100000, 0x0000000082100000| Untracked 
|  34|0x0000000082200000, 0x0000000082200000, 0x0000000082300000|  0%| F|  |TAMS 0x0000000082200000, 0x0000000082200000| Untracked 
|  35|0x0000000082300000, 0x0000000082300000, 0x0000000082400000|  0%| F|  |TAMS 0x0000000082300000, 0x0000000082300000| Untracked 
|  36|0x0000000082400000, 0x0000000082400000, 0x0000000082500000|  0%| F|  |TAMS 0x0000000082400000, 0x0000000082400000| Untracked 
|  37|0x0000000082500000, 0x0000000082500000, 0x0000000082600000|  0%| F|  |TAMS 0x0000000082500000, 0x0000000082500000| Untracked 
|  38|0x0000000082600000, 0x0000000082600000, 0x0000000082700000|  0%| F|  |TAMS 0x0000000082600000, 0x0000000082600000| Untracked 
|  39|0x0000000082700000, 0x0000000082700000, 0x0000000082800000|  0%| F|  |TAMS 0x0000000082700000, 0x0000000082700000| Untracked 
|  40|0x0000000082800000, 0x0000000082800000, 0x0000000082900000|  0%| F|  |TAMS 0x0000000082800000, 0x0000000082800000| Untracked 
|  41|0x0000000082900000, 0x0000000082900000, 0x0000000082a00000|  0%| F|  |TAMS 0x0000000082900000, 0x0000000082900000| Untracked 
|  42|0x0000000082a00000, 0x0000000082a00000, 0x0000000082b00000|  0%| F|  |TAMS 0x0000000082a00000, 0x0000000082a00000| Untracked 
|  43|0x0000000082b00000, 0x0000000082b00000, 0x0000000082c00000|  0%| F|  |TAMS 0x0000000082b00000, 0x0000000082b00000| Untracked 
|  44|0x0000000082c00000, 0x0000000082c00000, 0x0000000082d00000|  0%| F|  |TAMS 0x0000000082c00000, 0x0000000082c00000| Untracked 
|  45|0x0000000082d00000, 0x0000000082d00000, 0x0000000082e00000|  0%| F|  |TAMS 0x0000000082d00000, 0x0000000082d00000| Untracked 
|  46|0x0000000082e00000, 0x0000000082e00000, 0x0000000082f00000|  0%| F|  |TAMS 0x0000000082e00000, 0x0000000082e00000| Untracked 
|  47|0x0000000082f00000, 0x0000000082f00000, 0x0000000083000000|  0%| F|  |TAMS 0x0000000082f00000, 0x0000000082f00000| Untracked 
|  48|0x0000000083000000, 0x0000000083000000, 0x0000000083100000|  0%| F|  |TAMS 0x0000000083000000, 0x0000000083000000| Untracked 
|  49|0x0000000083100000, 0x0000000083100000, 0x0000000083200000|  0%| F|  |TAMS 0x0000000083100000, 0x0000000083100000| Untracked 
|  50|0x0000000083200000, 0x0000000083200000, 0x0000000083300000|  0%| F|  |TAMS 0x0000000083200000, 0x0000000083200000| Untracked 
|  51|0x0000000083300000, 0x0000000083300000, 0x0000000083400000|  0%| F|  |TAMS 0x0000000083300000, 0x0000000083300000| Untracked 
|  52|0x0000000083400000, 0x0000000083400000, 0x0000000083500000|  0%| F|  |TAMS 0x0000000083400000, 0x0000000083400000| Untracked 
|  53|0x0000000083500000, 0x0000000083500000, 0x0000000083600000|  0%| F|  |TAMS 0x0000000083500000, 0x0000000083500000| Untracked 
|  54|0x0000000083600000, 0x0000000083600000, 0x0000000083700000|  0%| F|  |TAMS 0x0000000083600000, 0x0000000083600000| Untracked 
|  55|0x0000000083700000, 0x0000000083700000, 0x0000000083800000|  0%| F|  |TAMS 0x0000000083700000, 0x0000000083700000| Untracked 
|  56|0x0000000083800000, 0x0000000083800000, 0x0000000083900000|  0%| F|  |TAMS 0x0000000083800000, 0x0000000083800000| Untracked 
|  57|0x0000000083900000, 0x0000000083900000, 0x0000000083a00000|  0%| F|  |TAMS 0x0000000083900000, 0x0000000083900000| Untracked 
|  58|0x0000000083a00000, 0x0000000083a00000, 0x0000000083b00000|  0%| F|  |TAMS 0x0000000083a00000, 0x0000000083a00000| Untracked 
|  59|0x0000000083b00000, 0x0000000083b00000, 0x0000000083c00000|  0%| F|  |TAMS 0x0000000083b00000, 0x0000000083b00000| Untracked 
|  60|0x0000000083c00000, 0x0000000083c00000, 0x0000000083d00000|  0%| F|  |TAMS 0x0000000083c00000, 0x0000000083c00000| Untracked 
|  61|0x0000000083d00000, 0x0000000083d00000, 0x0000000083e00000|  0%| F|  |TAMS 0x0000000083d00000, 0x0000000083d00000| Untracked 
|  62|0x0000000083e00000, 0x0000000083f00000, 0x0000000083f00000|100%| S|CS|TAMS 0x0000000083e00000, 0x0000000083e00000| Complete 
|  63|0x0000000083f00000, 0x0000000084000000, 0x0000000084000000|100%| S|CS|TAMS 0x0000000083f00000, 0x0000000083f00000| Complete 
|  64|0x0000000084000000, 0x0000000084100000, 0x0000000084100000|100%| S|CS|TAMS 0x0000000084000000, 0x0000000084000000| Complete 
|  65|0x0000000084100000, 0x0000000084200000, 0x0000000084200000|100%| S|CS|TAMS 0x0000000084100000, 0x0000000084100000| Complete 
|  66|0x0000000084200000, 0x0000000084300000, 0x0000000084300000|100%| S|CS|TAMS 0x0000000084200000, 0x0000000084200000| Complete 
|  67|0x0000000084300000, 0x0000000084400000, 0x0000000084400000|100%| S|CS|TAMS 0x0000000084300000, 0x0000000084300000| Complete 
|  68|0x0000000084400000, 0x0000000084400000, 0x0000000084500000|  0%| F|  |TAMS 0x0000000084400000, 0x0000000084400000| Untracked 
|  69|0x0000000084500000, 0x0000000084500000, 0x0000000084600000|  0%| F|  |TAMS 0x0000000084500000, 0x0000000084500000| Untracked 
|  70|0x0000000084600000, 0x0000000084600000, 0x0000000084700000|  0%| F|  |TAMS 0x0000000084600000, 0x0000000084600000| Untracked 
|  71|0x0000000084700000, 0x0000000084700000, 0x0000000084800000|  0%| F|  |TAMS 0x0000000084700000, 0x0000000084700000| Untracked 
|  72|0x0000000084800000, 0x0000000084800000, 0x0000000084900000|  0%| F|  |TAMS 0x0000000084800000, 0x0000000084800000| Untracked 
|  73|0x0000000084900000, 0x0000000084900000, 0x0000000084a00000|  0%| F|  |TAMS 0x0000000084900000, 0x0000000084900000| Untracked 
|  74|0x0000000084a00000, 0x0000000084a00000, 0x0000000084b00000|  0%| F|  |TAMS 0x0000000084a00000, 0x0000000084a00000| Untracked 
|  75|0x0000000084b00000, 0x0000000084b00000, 0x0000000084c00000|  0%| F|  |TAMS 0x0000000084b00000, 0x0000000084b00000| Untracked 
|  76|0x0000000084c00000, 0x0000000084c00000, 0x0000000084d00000|  0%| F|  |TAMS 0x0000000084c00000, 0x0000000084c00000| Untracked 
|  77|0x0000000084d00000, 0x0000000084d00000, 0x0000000084e00000|  0%| F|  |TAMS 0x0000000084d00000, 0x0000000084d00000| Untracked 
|  78|0x0000000084e00000, 0x0000000084e00000, 0x0000000084f00000|  0%| F|  |TAMS 0x0000000084e00000, 0x0000000084e00000| Untracked 
|  79|0x0000000084f00000, 0x0000000084f00000, 0x0000000085000000|  0%| F|  |TAMS 0x0000000084f00000, 0x0000000084f00000| Untracked 
|  80|0x0000000085000000, 0x0000000085000000, 0x0000000085100000|  0%| F|  |TAMS 0x0000000085000000, 0x0000000085000000| Untracked 
|  81|0x0000000085100000, 0x0000000085100000, 0x0000000085200000|  0%| F|  |TAMS 0x0000000085100000, 0x0000000085100000| Untracked 
|  82|0x0000000085200000, 0x0000000085200000, 0x0000000085300000|  0%| F|  |TAMS 0x0000000085200000, 0x0000000085200000| Untracked 
|  83|0x0000000085300000, 0x0000000085300000, 0x0000000085400000|  0%| F|  |TAMS 0x0000000085300000, 0x0000000085300000| Untracked 
|  84|0x0000000085400000, 0x0000000085400000, 0x0000000085500000|  0%| F|  |TAMS 0x0000000085400000, 0x0000000085400000| Untracked 
|  85|0x0000000085500000, 0x0000000085500000, 0x0000000085600000|  0%| F|  |TAMS 0x0000000085500000, 0x0000000085500000| Untracked 
|  86|0x0000000085600000, 0x0000000085600000, 0x0000000085700000|  0%| F|  |TAMS 0x0000000085600000, 0x0000000085600000| Untracked 
|  87|0x0000000085700000, 0x0000000085700000, 0x0000000085800000|  0%| F|  |TAMS 0x0000000085700000, 0x0000000085700000| Untracked 
|  88|0x0000000085800000, 0x0000000085800000, 0x0000000085900000|  0%| F|  |TAMS 0x0000000085800000, 0x0000000085800000| Untracked 
|  89|0x0000000085900000, 0x0000000085900000, 0x0000000085a00000|  0%| F|  |TAMS 0x0000000085900000, 0x0000000085900000| Untracked 
|  90|0x0000000085a00000, 0x0000000085b00000, 0x0000000085b00000|100%| E|  |TAMS 0x0000000085a00000, 0x0000000085a00000| Complete 
|  91|0x0000000085b00000, 0x0000000085c00000, 0x0000000085c00000|100%| E|CS|TAMS 0x0000000085b00000, 0x0000000085b00000| Complete 
|  92|0x0000000085c00000, 0x0000000085d00000, 0x0000000085d00000|100%| E|CS|TAMS 0x0000000085c00000, 0x0000000085c00000| Complete 
|  93|0x0000000085d00000, 0x0000000085e00000, 0x0000000085e00000|100%| E|CS|TAMS 0x0000000085d00000, 0x0000000085d00000| Complete 
|  94|0x0000000085e00000, 0x0000000085f00000, 0x0000000085f00000|100%| E|CS|TAMS 0x0000000085e00000, 0x0000000085e00000| Complete 
|  95|0x0000000085f00000, 0x0000000086000000, 0x0000000086000000|100%| E|CS|TAMS 0x0000000085f00000, 0x0000000085f00000| Complete 
|  96|0x0000000086000000, 0x0000000086100000, 0x0000000086100000|100%| E|CS|TAMS 0x0000000086000000, 0x0000000086000000| Complete 
|  97|0x0000000086100000, 0x0000000086200000, 0x0000000086200000|100%| E|CS|TAMS 0x0000000086100000, 0x0000000086100000| Complete 
|  98|0x0000000086200000, 0x0000000086300000, 0x0000000086300000|100%| E|CS|TAMS 0x0000000086200000, 0x0000000086200000| Complete 
|  99|0x0000000086300000, 0x0000000086400000, 0x0000000086400000|100%| E|CS|TAMS 0x0000000086300000, 0x0000000086300000| Complete 
| 100|0x0000000086400000, 0x0000000086500000, 0x0000000086500000|100%| E|CS|TAMS 0x0000000086400000, 0x0000000086400000| Complete 
| 101|0x0000000086500000, 0x0000000086600000, 0x0000000086600000|100%| E|CS|TAMS 0x0000000086500000, 0x0000000086500000| Complete 
| 102|0x0000000086600000, 0x0000000086700000, 0x0000000086700000|100%| E|CS|TAMS 0x0000000086600000, 0x0000000086600000| Complete 
| 103|0x0000000086700000, 0x0000000086800000, 0x0000000086800000|100%| E|CS|TAMS 0x0000000086700000, 0x0000000086700000| Complete 
| 104|0x0000000086800000, 0x0000000086900000, 0x0000000086900000|100%| E|CS|TAMS 0x0000000086800000, 0x0000000086800000| Complete 
| 105|0x0000000086900000, 0x0000000086a00000, 0x0000000086a00000|100%| E|CS|TAMS 0x0000000086900000, 0x0000000086900000| Complete 
| 106|0x0000000086a00000, 0x0000000086b00000, 0x0000000086b00000|100%| E|CS|TAMS 0x0000000086a00000, 0x0000000086a00000| Complete 
| 107|0x0000000086b00000, 0x0000000086c00000, 0x0000000086c00000|100%| E|  |TAMS 0x0000000086b00000, 0x0000000086b00000| Complete 
| 108|0x0000000086c00000, 0x0000000086d00000, 0x0000000086d00000|100%| E|CS|TAMS 0x0000000086c00000, 0x0000000086c00000| Complete 
| 109|0x0000000086d00000, 0x0000000086e00000, 0x0000000086e00000|100%| E|CS|TAMS 0x0000000086d00000, 0x0000000086d00000| Complete 
| 110|0x0000000086e00000, 0x0000000086f00000, 0x0000000086f00000|100%| E|CS|TAMS 0x0000000086e00000, 0x0000000086e00000| Complete 
| 111|0x0000000086f00000, 0x0000000087000000, 0x0000000087000000|100%| E|CS|TAMS 0x0000000086f00000, 0x0000000086f00000| Complete 
| 112|0x0000000087000000, 0x0000000087100000, 0x0000000087100000|100%| E|CS|TAMS 0x0000000087000000, 0x0000000087000000| Complete 
| 113|0x0000000087100000, 0x0000000087200000, 0x0000000087200000|100%| E|CS|TAMS 0x0000000087100000, 0x0000000087100000| Complete 
| 114|0x0000000087200000, 0x0000000087300000, 0x0000000087300000|100%| E|CS|TAMS 0x0000000087200000, 0x0000000087200000| Complete 
| 115|0x0000000087300000, 0x0000000087400000, 0x0000000087400000|100%| E|CS|TAMS 0x0000000087300000, 0x0000000087300000| Complete 

Card table byte_map: [0x000001718f400000,0x000001718f800000] _byte_map_base: 0x000001718f000000

Marking Bits (Prev, Next): (CMBitMap*) 0x00000171f785c3b8, (CMBitMap*) 0x00000171f785c3f0
 Prev Bits: [0x000001718fc00000, 0x0000017191c00000)
 Next Bits: [0x0000017191c00000, 0x0000017193c00000)

Polling page: 0x00000171f7000000

Metaspace:

Usage:
  Non-class:     35.68 MB capacity,    35.07 MB ( 98%) used,   536.16 KB (  1%) free+waste,    82.44 KB ( <1%) overhead. 
      Class:      5.51 MB capacity,     5.14 MB ( 93%) used,   344.56 KB (  6%) free+waste,    40.56 KB ( <1%) overhead. 
       Both:     41.19 MB capacity,    40.21 MB ( 98%) used,   880.73 KB (  2%) free+waste,   123.00 KB ( <1%) overhead. 

Virtual space:
  Non-class space:       36.00 MB reserved,      35.75 MB (>99%) committed 
      Class space:        1.00 GB reserved,       5.63 MB ( <1%) committed 
             Both:        1.04 GB reserved,      41.38 MB (  4%) committed 

Chunk freelists:
   Non-Class:  1.38 KB
       Class:  2.38 KB
        Both:  3.75 KB

CodeHeap 'non-profiled nmethods': size=120064Kb used=1736Kb max_used=1736Kb free=118327Kb
 bounds [0x0000017187ac0000, 0x0000017187d30000, 0x000001718f000000]
CodeHeap 'profiled nmethods': size=120000Kb used=7657Kb max_used=7657Kb free=112342Kb
 bounds [0x0000017180590000, 0x0000017180d10000, 0x0000017187ac0000]
CodeHeap 'non-nmethods': size=5696Kb used=2198Kb max_used=2244Kb free=3497Kb
 bounds [0x0000017180000000, 0x0000017180270000, 0x0000017180590000]
 total_blobs=4243 nmethods=3485 adapters=668
 compilation: enabled
              stopped_count=0, restarted_count=0
 full_count=0

Compilation events (10 events):
Event: 25.199 Thread 0x0000017196719000 3496       3       org.gradle.internal.instantiation.generator.AbstractClassGenerator$PropertyMetadata::isReadable (13 bytes)
Event: 25.199 Thread 0x0000017196719000 nmethod 3496 0x0000017180d03090 code [0x0000017180d03220, 0x0000017180d03378]
Event: 25.199 Thread 0x0000017196719000 3497       3       org.gradle.internal.instantiation.generator.AbstractClassGenerator$PropertyMetadata::isWritable (18 bytes)
Event: 25.199 Thread 0x0000017196719000 nmethod 3497 0x0000017180d03410 code [0x0000017180d035c0, 0x0000017180d037e8]
Event: 25.203 Thread 0x0000017196719000 3498       3       org.objectweb.asm.SymbolTable::addConstant (330 bytes)
Event: 25.208 Thread 0x0000017196719000 nmethod 3498 0x0000017180d03890 code [0x0000017180d03e00, 0x0000017180d070e8]
Event: 25.208 Thread 0x0000017196719000 3499       3       org.gradle.internal.instantiation.generator.AsmBackedClassGenerator$ClassBuilderImpl::propFieldName (28 bytes)
Event: 25.209 Thread 0x0000017196719000 nmethod 3499 0x0000017180d07c10 code [0x0000017180d07e60, 0x0000017180d08698]
Event: 25.222 Thread 0x0000017196719000 3500       3       com.google.common.collect.Hashing::closedTableSize (37 bytes)
Event: 25.222 Thread 0x0000017196719000 nmethod 3500 0x0000017180d08990 code [0x0000017180d08b60, 0x0000017180d08e68]

GC Heap History (10 events):
Event: 6.220 GC heap before
{Heap before GC invocations=5 (full 0):
 garbage-first heap   total 98304K, used 16486K [0x0000000080000000, 0x0000000100000000)
  region size 1024K, 3 young (3072K), 2 survivors (2048K)
 Metaspace       used 20611K, capacity 21101K, committed 21248K, reserved 1067008K
  class space    used 2524K, capacity 2706K, committed 2816K, reserved 1048576K
}
Event: 6.225 GC heap after
{Heap after GC invocations=6 (full 0):
 garbage-first heap   total 118784K, used 16427K [0x0000000080000000, 0x0000000100000000)
  region size 1024K, 2 young (2048K), 2 survivors (2048K)
 Metaspace       used 20611K, capacity 21101K, committed 21248K, reserved 1067008K
  class space    used 2524K, capacity 2706K, committed 2816K, reserved 1048576K
}
Event: 8.007 GC heap before
{Heap before GC invocations=7 (full 0):
 garbage-first heap   total 118784K, used 56363K [0x0000000080000000, 0x0000000100000000)
  region size 1024K, 42 young (43008K), 2 survivors (2048K)
 Metaspace       used 25100K, capacity 25673K, committed 25856K, reserved 1071104K
  class space    used 3262K, capacity 3468K, committed 3584K, reserved 1048576K
}
Event: 8.014 GC heap after
{Heap after GC invocations=8 (full 0):
 garbage-first heap   total 118784K, used 18035K [0x0000000080000000, 0x0000000100000000)
  region size 1024K, 4 young (4096K), 4 survivors (4096K)
 Metaspace       used 25100K, capacity 25673K, committed 25856K, reserved 1071104K
  class space    used 3262K, capacity 3468K, committed 3584K, reserved 1048576K
}
Event: 10.369 GC heap before
{Heap before GC invocations=8 (full 0):
 garbage-first heap   total 118784K, used 63091K [0x0000000080000000, 0x0000000100000000)
  region size 1024K, 48 young (49152K), 4 survivors (4096K)
 Metaspace       used 31312K, capacity 32019K, committed 32256K, reserved 1077248K
  class space    used 4067K, capacity 4304K, committed 4352K, reserved 1048576K
}
Event: 10.383 GC heap after
{Heap after GC invocations=9 (full 0):
 garbage-first heap   total 118784K, used 20021K [0x0000000080000000, 0x0000000100000000)
  region size 1024K, 4 young (4096K), 4 survivors (4096K)
 Metaspace       used 31312K, capacity 32019K, committed 32256K, reserved 1077248K
  class space    used 4067K, capacity 4304K, committed 4352K, reserved 1048576K
}
Event: 11.338 GC heap before
{Heap before GC invocations=9 (full 0):
 garbage-first heap   total 118784K, used 41525K [0x0000000080000000, 0x0000000100000000)
  region size 1024K, 24 young (24576K), 4 survivors (4096K)
 Metaspace       used 35165K, capacity 35823K, committed 35840K, reserved 1081344K
  class space    used 4561K, capacity 4850K, committed 4864K, reserved 1048576K
}
Event: 11.363 GC heap after
{Heap after GC invocations=10 (full 0):
 garbage-first heap   total 118784K, used 24612K [0x0000000080000000, 0x0000000100000000)
  region size 1024K, 5 young (5120K), 5 survivors (5120K)
 Metaspace       used 35165K, capacity 35823K, committed 35840K, reserved 1081344K
  class space    used 4561K, capacity 4850K, committed 4864K, reserved 1048576K
}
Event: 24.142 GC heap before
{Heap before GC invocations=11 (full 0):
 garbage-first heap   total 118784K, used 68644K [0x0000000080000000, 0x0000000100000000)
  region size 1024K, 48 young (49152K), 5 survivors (5120K)
 Metaspace       used 38997K, capacity 39966K, committed 40320K, reserved 1083392K
  class space    used 5046K, capacity 5397K, committed 5504K, reserved 1048576K
}
Event: 24.158 GC heap after
{Heap after GC invocations=12 (full 0):
 garbage-first heap   total 118784K, used 26366K [0x0000000080000000, 0x0000000100000000)
  region size 1024K, 6 young (6144K), 6 survivors (6144K)
 Metaspace       used 38997K, capacity 39966K, committed 40320K, reserved 1083392K
  class space    used 5046K, capacity 5397K, committed 5504K, reserved 1048576K
}

Deoptimization events (10 events):
Event: 24.159 Thread 0x0000017196876000 Uncommon trap: reason=class_check action=maybe_recompile pc=0x0000017187bd7e4c method=jdk.internal.ref.PhantomCleanable.clean()V @ 12 c2
Event: 24.159 Thread 0x0000017196876000 Uncommon trap: reason=class_check action=maybe_recompile pc=0x0000017187bd7e4c method=jdk.internal.ref.PhantomCleanable.clean()V @ 12 c2
Event: 24.160 Thread 0x0000017196876000 Uncommon trap: reason=class_check action=maybe_recompile pc=0x0000017187bd7e4c method=jdk.internal.ref.PhantomCleanable.clean()V @ 12 c2
Event: 24.160 Thread 0x0000017196876000 Uncommon trap: reason=class_check action=maybe_recompile pc=0x0000017187bd7e4c method=jdk.internal.ref.PhantomCleanable.clean()V @ 12 c2
Event: 24.246 Thread 0x0000017197d65800 Uncommon trap: reason=unstable_if action=reinterpret pc=0x0000017187ba6ef0 method=java.util.HashMap.hash(Ljava/lang/Object;)I @ 1 c2
Event: 24.246 Thread 0x0000017197d65800 Uncommon trap: reason=unstable_if action=reinterpret pc=0x0000017187ba7de4 method=java.util.HashMap.getNode(ILjava/lang/Object;)Ljava/util/HashMap$Node; @ 53 c2
Event: 24.246 Thread 0x0000017197d65800 Uncommon trap: reason=unstable_if action=reinterpret pc=0x0000017187ae7574 method=java.util.HashMap.hash(Ljava/lang/Object;)I @ 1 c2
Event: 24.246 Thread 0x0000017197d65800 Uncommon trap: reason=unstable_if action=reinterpret pc=0x0000017187bf49ac method=java.util.HashMap.putVal(ILjava/lang/Object;Ljava/lang/Object;ZZ)Ljava/lang/Object; @ 85 c2
Event: 24.263 Thread 0x0000017197d65800 Uncommon trap: reason=unstable_if action=reinterpret pc=0x0000017187bfaf40 method=org.gradle.internal.reflect.PropertyAccessorType.isGetGetterName(Ljava/lang/String;)Z @ 14 c2
Event: 24.381 Thread 0x0000017197d65800 Uncommon trap: reason=unstable_if action=reinterpret pc=0x0000017187c58508 method=org.objectweb.asm.ByteVector.putShort(I)Lorg/objectweb/asm/ByteVector; @ 13 c2

Classes redefined (0 events):
No events

Internal exceptions (10 events):
Event: 24.917 Thread 0x0000017197d65800 Exception <a 'java/lang/ClassNotFoundException'{0x00000000860dcf40}: org/gradle/api/internal/DefaultNamedDomainObjectListBeanInfo> (0x00000000860dcf40) thrown at [./open/src/hotspot/share/classfile/systemDictionary.cpp, line 228]
Event: 24.919 Thread 0x0000017197d65800 Exception <a 'java/lang/ClassNotFoundException'{0x0000000085f041d8}: org/gradle/api/internal/DefaultNamedDomainObjectCollectionBeanInfo> (0x0000000085f041d8) thrown at [./open/src/hotspot/share/classfile/systemDictionary.cpp, line 228]
Event: 24.921 Thread 0x0000017197d65800 Exception <a 'java/lang/ClassNotFoundException'{0x0000000085f29f28}: org/gradle/api/internal/DefaultDomainObjectCollectionBeanInfo> (0x0000000085f29f28) thrown at [./open/src/hotspot/share/classfile/systemDictionary.cpp, line 228]
Event: 24.922 Thread 0x0000017197d65800 Exception <a 'java/lang/ClassNotFoundException'{0x0000000085f4ffc0}: org/gradle/api/internal/DefaultDomainObjectCollectionCustomizer> (0x0000000085f4ffc0) thrown at [./open/src/hotspot/share/classfile/systemDictionary.cpp, line 228]
Event: 24.927 Thread 0x0000017197d65800 Exception <a 'java/lang/ClassNotFoundException'{0x0000000085f94390}: org/gradle/api/internal/DefaultNamedDomainObjectCollectionCustomizer> (0x0000000085f94390) thrown at [./open/src/hotspot/share/classfile/systemDictionary.cpp, line 228]
Event: 24.939 Thread 0x0000017197d65800 Exception <a 'java/lang/ClassNotFoundException'{0x0000000085febcc0}: org/gradle/api/internal/DefaultNamedDomainObjectListCustomizer> (0x0000000085febcc0) thrown at [./open/src/hotspot/share/classfile/systemDictionary.cpp, line 228]
Event: 24.945 Thread 0x0000017197d65800 Exception <a 'java/lang/ClassNotFoundException'{0x0000000085e3bc08}: org/gradle/api/internal/artifacts/DefaultArtifactRepositoryContainerCustomizer> (0x0000000085e3bc08) thrown at [./open/src/hotspot/share/classfile/systemDictionary.cpp, line 228]
Event: 24.950 Thread 0x0000017197d65800 Exception <a 'java/lang/ClassNotFoundException'{0x0000000085e81708}: org/gradle/api/internal/artifacts/dsl/DefaultRepositoryHandlerCustomizer> (0x0000000085e81708) thrown at [./open/src/hotspot/share/classfile/systemDictionary.cpp, line 228]
Event: 24.957 Thread 0x0000017197d65800 Exception <a 'java/lang/ClassNotFoundException'{0x0000000085ed8a78}: org/gradle/api/internal/artifacts/dsl/DefaultRepositoryHandler_DecoratedCustomizer> (0x0000000085ed8a78) thrown at [./open/src/hotspot/share/classfile/systemDictionary.cpp, line 228]
Event: 25.239 Thread 0x0000017197d65800 Exception <a 'java/lang/NoSuchMethodError'{0x0000000085a838c0}: java.lang.invoke.DirectMethodHandle$Holder.invokeStaticInit(Ljava/lang/Object;Ljava/lang/Object;Ljava/lang/Object;Ljava/lang/Object;)I> (0x0000000085a838c0) thrown at [./open/src/hotspot/shar

Events (10 events):
Event: 25.175 loading class org/gradle/internal/resolve/caching/ImplicitInputsCapturingInstantiator
Event: 25.175 loading class org/gradle/internal/resolve/caching/ImplicitInputsCapturingInstantiator done
Event: 25.193 loading class org/gradle/api/internal/artifacts/repositories/ArtifactResolutionDetails
Event: 25.193 loading class org/gradle/api/internal/artifacts/repositories/ArtifactResolutionDetails done
Event: 25.238 loading class org/gradle/internal/component/external/model/maven/MutableMavenModuleResolveMetadata
Event: 25.238 loading class org/gradle/internal/component/external/model/maven/MutableMavenModuleResolveMetadata done
Event: 25.238 loading class org/gradle/internal/component/external/model/maven/MutableMavenModuleResolveMetadata
Event: 25.238 loading class org/gradle/internal/component/external/model/maven/MutableMavenModuleResolveMetadata done
Event: 25.241 loading class org/gradle/api/internal/artifacts/repositories/metadata/DefaultMavenPomMetadataSource$MavenMetadataValidator
Event: 25.241 loading class org/gradle/api/internal/artifacts/repositories/metadata/DefaultMavenPomMetadataSource$MavenMetadataValidator done


Dynamic libraries:
0x00007ff718410000 - 0x00007ff71841f000 	C:\Program Files\Java\jdk-11.0.12\bin\java.exe
0x00007ffa896c0000 - 0x00007ffa898c9000 	C:\windows\SYSTEM32\ntdll.dll
0x00007ffa88360000 - 0x00007ffa8841d000 	C:\windows\System32\KERNEL32.DLL
0x00007ffa86d40000 - 0x00007ffa870b4000 	C:\windows\System32\KERNELBASE.dll
0x00007ffa86c20000 - 0x00007ffa86d31000 	C:\windows\System32\ucrtbase.dll
0x00007ffa6e940000 - 0x00007ffa6e958000 	C:\Program Files\Java\jdk-11.0.12\bin\jli.dll
0x00007ffa60c40000 - 0x00007ffa60c55000 	C:\Program Files\Java\jdk-11.0.12\bin\VCRUNTIME140.dll
0x00007ffa88ab0000 - 0x00007ffa88b5e000 	C:\windows\System32\ADVAPI32.dll
0x00007ffa87a50000 - 0x00007ffa87af3000 	C:\windows\System32\msvcrt.dll
0x00007ffa87940000 - 0x00007ffa879de000 	C:\windows\System32\sechost.dll
0x00007ffa87700000 - 0x00007ffa87820000 	C:\windows\System32\RPCRT4.dll
0x00007ffa88d90000 - 0x00007ffa88f3c000 	C:\windows\System32\USER32.dll
0x00007ffa870c0000 - 0x00007ffa870e6000 	C:\windows\System32\win32u.dll
0x00007ffa884c0000 - 0x00007ffa884e9000 	C:\windows\System32\GDI32.dll
0x00007ffa87230000 - 0x00007ffa87342000 	C:\windows\System32\gdi32full.dll
0x00007ffa87350000 - 0x00007ffa873ed000 	C:\windows\System32\msvcp_win.dll
0x00007ffa68a80000 - 0x00007ffa68d25000 	C:\windows\WinSxS\amd64_microsoft.windows.common-controls_6595b64144ccf1df_6.0.22000.120_none_9d947278b86cc467\COMCTL32.dll
0x00007ffa804f0000 - 0x00007ffa804fa000 	C:\windows\SYSTEM32\VERSION.dll
0x00007ffa89640000 - 0x00007ffa89671000 	C:\windows\System32\IMM32.DLL
0x00007ffa5ed00000 - 0x00007ffa5ed9b000 	C:\Program Files\Java\jdk-11.0.12\bin\msvcp140.dll
0x00007ffa2dac0000 - 0x00007ffa2e5bf000 	C:\Program Files\Java\jdk-11.0.12\bin\server\jvm.dll
0x00007ffa87910000 - 0x00007ffa87918000 	C:\windows\System32\PSAPI.DLL
0x00007ffa81100000 - 0x00007ffa81109000 	C:\windows\SYSTEM32\WSOCK32.dll
0x00007ffa879e0000 - 0x00007ffa87a4f000 	C:\windows\System32\WS2_32.dll
0x00007ffa821b0000 - 0x00007ffa821e3000 	C:\windows\SYSTEM32\WINMM.dll
0x00007ffa85c80000 - 0x00007ffa85c98000 	C:\windows\SYSTEM32\kernel.appcore.dll
0x00007ffa73a00000 - 0x00007ffa73a10000 	C:\Program Files\Java\jdk-11.0.12\bin\verify.dll
0x00007ffa750b0000 - 0x00007ffa752d1000 	C:\windows\SYSTEM32\DBGHELP.DLL
0x00007ffa74580000 - 0x00007ffa745b1000 	C:\windows\SYSTEM32\dbgcore.DLL
0x00007ffa871b0000 - 0x00007ffa8722f000 	C:\windows\System32\bcryptPrimitives.dll
0x00007ffa5ecd0000 - 0x00007ffa5ecf8000 	C:\Program Files\Java\jdk-11.0.12\bin\java.dll
0x00007ffa6eed0000 - 0x00007ffa6eeda000 	C:\Program Files\Java\jdk-11.0.12\bin\jimage.dll
0x00007ffa5fde0000 - 0x00007ffa5fdf6000 	C:\Program Files\Java\jdk-11.0.12\bin\zip.dll
0x00007ffa87bb0000 - 0x00007ffa8835e000 	C:\windows\System32\SHELL32.dll
0x00007ffa84ca0000 - 0x00007ffa85507000 	C:\windows\SYSTEM32\windows.storage.dll
0x00007ffa892c0000 - 0x00007ffa89638000 	C:\windows\System32\combase.dll
0x00007ffa84b30000 - 0x00007ffa84c96000 	C:\windows\SYSTEM32\wintypes.dll
0x00007ffa87820000 - 0x00007ffa8790a000 	C:\windows\System32\SHCORE.dll
0x00007ffa88d30000 - 0x00007ffa88d8d000 	C:\windows\System32\shlwapi.dll
0x00007ffa86ae0000 - 0x00007ffa86b01000 	C:\windows\SYSTEM32\profapi.dll
0x00007ffa5ecb0000 - 0x00007ffa5ecc9000 	C:\Program Files\Java\jdk-11.0.12\bin\net.dll
0x00007ffa81360000 - 0x00007ffa8146c000 	C:\windows\SYSTEM32\WINHTTP.dll
0x00007ffa860e0000 - 0x00007ffa86147000 	C:\windows\system32\mswsock.dll
0x00007ffa5ec90000 - 0x00007ffa5eca2000 	C:\Program Files\Java\jdk-11.0.12\bin\nio.dll
0x00007ffa5eb60000 - 0x00007ffa5eb87000 	C:\Users\WANDIE\.gradle\native\49d0259a56938c7f99b2704e745ce422c4f750a7a20b539a32ccef96729676b1\windows-amd64\native-platform.dll
0x00007ffa30fd0000 - 0x00007ffa31166000 	C:\Users\WANDIE\.gradle\native\12488b8bf47d2d4c9fbf2f6322a914ad602e24e48041cd04a747c6da556b65c4\windows-amd64\native-platform-file-events.dll
0x00007ffa6d170000 - 0x00007ffa6d179000 	C:\Program Files\Java\jdk-11.0.12\bin\management.dll
0x00007ffa6ceb0000 - 0x00007ffa6cebb000 	C:\Program Files\Java\jdk-11.0.12\bin\management_ext.dll
0x00007ffa86330000 - 0x00007ffa86348000 	C:\windows\SYSTEM32\CRYPTSP.dll
0x00007ffa85be0000 - 0x00007ffa85c15000 	C:\windows\system32\rsaenh.dll
0x00007ffa861d0000 - 0x00007ffa861f9000 	C:\windows\SYSTEM32\USERENV.dll
0x00007ffa86510000 - 0x00007ffa86537000 	C:\windows\SYSTEM32\bcrypt.dll
0x00007ffa86320000 - 0x00007ffa8632c000 	C:\windows\SYSTEM32\CRYPTBASE.dll
0x00007ffa857a0000 - 0x00007ffa857cd000 	C:\windows\SYSTEM32\IPHLPAPI.DLL
0x00007ffa884f0000 - 0x00007ffa884f9000 	C:\windows\System32\NSI.dll
0x00007ffa810e0000 - 0x00007ffa810f9000 	C:\windows\SYSTEM32\dhcpcsvc6.DLL
0x00007ffa81710000 - 0x00007ffa8172e000 	C:\windows\SYSTEM32\dhcpcsvc.DLL
0x00007ffa85820000 - 0x00007ffa85907000 	C:\windows\SYSTEM32\DNSAPI.dll

dbghelp: loaded successfully - version: 4.0.5 - missing functions: none
symbol engine: initialized successfully - sym options: 0x614 - pdb path: .;C:\Program Files\Java\jdk-11.0.12\bin;C:\windows\SYSTEM32;C:\windows\WinSxS\amd64_microsoft.windows.common-controls_6595b64144ccf1df_6.0.22000.120_none_9d947278b86cc467;C:\Program Files\Java\jdk-11.0.12\bin\server;C:\Users\WANDIE\.gradle\native\49d0259a56938c7f99b2704e745ce422c4f750a7a20b539a32ccef96729676b1\windows-amd64;C:\Users\WANDIE\.gradle\native\12488b8bf47d2d4c9fbf2f6322a914ad602e24e48041cd04a747c6da556b65c4\windows-amd64

VM Arguments:
jvm_args: -XX:MaxPermSize=512m -XX:+HeapDumpOnOutOfMemoryError --add-opens=java.base/java.util=ALL-UNNAMED --add-opens=java.base/java.lang=ALL-UNNAMED --add-opens=java.base/java.lang.invoke=ALL-UNNAMED --add-opens=java.prefs/java.util.prefs=ALL-UNNAMED -Xmx2048m -Dfile.encoding=UTF-8 -Duser.country=US -Duser.language=en -Duser.variant 
java_command: org.gradle.launcher.daemon.bootstrap.GradleDaemon 6.9
java_class_path (initial): C:\Users\WANDIE\.gradle\wrapper\dists\gradle-6.9-all\dooywd8nv05k16orzxge2b1bs\gradle-6.9\lib\gradle-launcher-6.9.jar
Launcher Type: SUN_STANDARD

[Global flags]
     intx CICompilerCount                          = 3                                         {product} {ergonomic}
     uint ConcGCThreads                            = 1                                         {product} {ergonomic}
     uint G1ConcRefinementThreads                  = 4                                         {product} {ergonomic}
   size_t G1HeapRegionSize                         = 1048576                                   {product} {ergonomic}
    uintx GCDrainStackTargetSize                   = 64                                        {product} {ergonomic}
     bool HeapDumpOnOutOfMemoryError               = true                                   {manageable} {command line}
   size_t InitialHeapSize                          = 100663296                                 {product} {ergonomic}
   size_t MarkStackSize                            = 4194304                                   {product} {ergonomic}
   size_t MaxHeapSize                              = 2147483648                                {product} {command line}
   size_t MaxNewSize                               = 1287651328                                {product} {ergonomic}
   size_t MinHeapDeltaBytes                        = 1048576                                   {product} {ergonomic}
    uintx NonNMethodCodeHeapSize                   = 5830732                                {pd product} {ergonomic}
    uintx NonProfiledCodeHeapSize                  = 122913754                              {pd product} {ergonomic}
    uintx ProfiledCodeHeapSize                     = 122913754                              {pd product} {ergonomic}
    uintx ReservedCodeCacheSize                    = 251658240                              {pd product} {ergonomic}
     bool SegmentedCodeCache                       = true                                      {product} {ergonomic}
     bool UseCompressedClassPointers               = true                                 {lp64_product} {ergonomic}
     bool UseCompressedOops                        = true                                 {lp64_product} {ergonomic}
     bool UseG1GC                                  = true                                      {product} {ergonomic}
     bool UseLargePagesIndividualAllocation        = false                                  {pd product} {ergonomic}

Logging:
Log output configuration:
 #0: stdout all=warning uptime,level,tags
 #1: stderr all=off uptime,level,tags

Environment Variables:
JAVA_HOME=C:\Program Files\Java\jdk-11.0.12
CLASSPATH=C:\Users\WANDIE\mobile\map\android\\gradle\wrapper\gradle-wrapper.jar
PATH=C:\Users\WANDIE\mobile\map\node_modules\.bin;C:\Users\WANDIE\mobile\node_modules\.bin;C:\Users\WANDIE\node_modules\.bin;C:\Users\node_modules\.bin;C:\node_modules\.bin;C:\Program Files\nodejs\node_modules\npm\node_modules\@npmcli\run-script\lib\node-gyp-bin;C:\Program Files\Common Files\Oracle\Java\javapath;C:\Python310\Scripts\;C:\Python310\;C:\Python27\;C:\Python27\Scripts;C:\windows\system32;C:\windows;C:\windows\System32\Wbem;C:\windows\System32\WindowsPowerShell\v1.0\;C:\windows\System32\OpenSSH\;C:\ProgramData\chocolatey\bin;C:\Program Files\nodejs\;C:\Program Files\Git\cmd;C:\Users\WANDIE\AppData\Local\Microsoft\WindowsApps;C:\Users\WANDIE\AppData\Local\Programs\Microsoft VS Code\bin;C:\Users\WANDIE\AppData\Local\Android\Sdk\platform-tools;C:\Users\WANDIE\AppData\Roaming\npm
USERNAME=WANDIE
OS=Windows_NT
PROCESSOR_IDENTIFIER=AMD64 Family 23 Model 24 Stepping 1, AuthenticAMD



---------------  S Y S T E M  ---------------

OS: Windows 10 , 64 bit Build 22000 (10.0.22000.434)
Hyper-V role detected

CPU:total 4 (initial active 4) (4 cores per cpu, 2 threads per core) family 23 model 24 stepping 1 microcode 0x0, cmov, cx8, fxsr, mmx, sse, sse2, sse3, ssse3, sse4.1, sse4.2, popcnt, avx, avx2, aes, clmul, mmxext, 3dnowpref, lzcnt, sse4a, ht, tsc, tscinvbit, tscinv, bmi1, bmi2, adx, s

Memory: 4k page, system-wide physical 6023M (343M free)
TotalPageFile size 18626M (AvailPageFile size 5M)
current process WorkingSet (physical memory assigned to process): 217M, peak: 218M
current process commit charge ("private bytes"): 282M, peak: 284M

vm_info: Java HotSpot(TM) 64-Bit Server VM (11.0.12+8-LTS-237) for windows-amd64 JRE (11.0.12+8-LTS-237), built on Jun  8 2021 11:25:59 by "mach5one" with MS VC++ 15.9 (VS2017)

END.
